{"C:\\Users\\emapi\\Escritorio\\6to. Semestre UVG 2022\\Ingeniería de software 2\\kodonote\\src\\utils\\addNotebookSection.jsx": {"path":"C:\\Users\\emapi\\Escritorio\\6to. Semestre UVG 2022\\Ingeniería de software 2\\kodonote\\src\\utils\\addNotebookSection.jsx","statementMap":{"0":{"start":{"line":1,"column":27},"end":{"line":5,"column":1}},"1":{"start":{"line":2,"column":21},"end":{"line":2,"column":55}},"2":{"start":{"line":3,"column":26},"end":{"line":3,"column":51}},"3":{"start":{"line":4,"column":2},"end":{"line":4,"column":24}}},"fnMap":{"0":{"name":"(anonymous_0)","decl":{"start":{"line":1,"column":27},"end":{"line":1,"column":28}},"loc":{"start":{"line":1,"column":54},"end":{"line":5,"column":1}},"line":1}},"branchMap":{},"s":{"0":1,"1":4,"2":4,"3":4},"f":{"0":4},"b":{},"_coverageSchema":"1a1c01bbd47fc00a2c39e90264f33305004495a9","hash":"9518480075103e02bc15fc035dd56fc3c1da6257"}
,"C:\\Users\\emapi\\Escritorio\\6to. Semestre UVG 2022\\Ingeniería de software 2\\kodonote\\src\\utils\\changeGrid.jsx": {"path":"C:\\Users\\emapi\\Escritorio\\6to. Semestre UVG 2022\\Ingeniería de software 2\\kodonote\\src\\utils\\changeGrid.jsx","statementMap":{"0":{"start":{"line":1,"column":18},"end":{"line":13,"column":1}},"1":{"start":{"line":15,"column":20},"end":{"line":22,"column":1}},"2":{"start":{"line":24,"column":20},"end":{"line":24,"column":76}},"3":{"start":{"line":24,"column":32},"end":{"line":24,"column":76}}},"fnMap":{"0":{"name":"(anonymous_0)","decl":{"start":{"line":24,"column":20},"end":{"line":24,"column":21}},"loc":{"start":{"line":24,"column":32},"end":{"line":24,"column":76}},"line":24}},"branchMap":{"0":{"loc":{"start":{"line":24,"column":32},"end":{"line":24,"column":76}},"type":"cond-expr","locations":[{"start":{"line":24,"column":53},"end":{"line":24,"column":62}},{"start":{"line":24,"column":65},"end":{"line":24,"column":76}}],"line":24}},"s":{"0":1,"1":1,"2":1,"3":2},"f":{"0":2},"b":{"0":[1,1]},"_coverageSchema":"1a1c01bbd47fc00a2c39e90264f33305004495a9","hash":"bc26cae82094f22a05bf8d30ad3c60eed2cbd0b0"}
,"C:\\Users\\emapi\\Escritorio\\6to. Semestre UVG 2022\\Ingeniería de software 2\\kodonote\\src\\utils\\checkEmailValidity.jsx": {"path":"C:\\Users\\emapi\\Escritorio\\6to. Semestre UVG 2022\\Ingeniería de software 2\\kodonote\\src\\utils\\checkEmailValidity.jsx","statementMap":{"0":{"start":{"line":1,"column":27},"end":{"line":1,"column":82}},"1":{"start":{"line":1,"column":39},"end":{"line":1,"column":81}}},"fnMap":{"0":{"name":"(anonymous_0)","decl":{"start":{"line":1,"column":27},"end":{"line":1,"column":28}},"loc":{"start":{"line":1,"column":39},"end":{"line":1,"column":81}},"line":1}},"branchMap":{"0":{"loc":{"start":{"line":1,"column":39},"end":{"line":1,"column":81}},"type":"binary-expr","locations":[{"start":{"line":1,"column":39},"end":{"line":1,"column":58}},{"start":{"line":1,"column":62},"end":{"line":1,"column":81}}],"line":1}},"s":{"0":1,"1":2},"f":{"0":2},"b":{"0":[2,1]},"_coverageSchema":"1a1c01bbd47fc00a2c39e90264f33305004495a9","hash":"6b194a2f6dcf0305a905b2defc021438f63ef476"}
,"C:\\Users\\emapi\\Escritorio\\6to. Semestre UVG 2022\\Ingeniería de software 2\\kodonote\\src\\utils\\checkPasswordValidity.jsx": {"path":"C:\\Users\\emapi\\Escritorio\\6to. Semestre UVG 2022\\Ingeniería de software 2\\kodonote\\src\\utils\\checkPasswordValidity.jsx","statementMap":{"0":{"start":{"line":1,"column":30},"end":{"line":1,"column":66}},"1":{"start":{"line":1,"column":45},"end":{"line":1,"column":65}}},"fnMap":{"0":{"name":"(anonymous_0)","decl":{"start":{"line":1,"column":30},"end":{"line":1,"column":31}},"loc":{"start":{"line":1,"column":45},"end":{"line":1,"column":65}},"line":1}},"branchMap":{},"s":{"0":1,"1":2},"f":{"0":2},"b":{},"_coverageSchema":"1a1c01bbd47fc00a2c39e90264f33305004495a9","hash":"3a902e15e7d0398f460b22872ca9ff9f0970ffcf"}
,"C:\\Users\\emapi\\Escritorio\\6to. Semestre UVG 2022\\Ingeniería de software 2\\kodonote\\src\\utils\\getCurrentDate.jsx": {"path":"C:\\Users\\emapi\\Escritorio\\6to. Semestre UVG 2022\\Ingeniería de software 2\\kodonote\\src\\utils\\getCurrentDate.jsx","statementMap":{"0":{"start":{"line":3,"column":23},"end":{"line":3,"column":58}},"1":{"start":{"line":3,"column":29},"end":{"line":3,"column":58}}},"fnMap":{"0":{"name":"(anonymous_0)","decl":{"start":{"line":3,"column":23},"end":{"line":3,"column":24}},"loc":{"start":{"line":3,"column":29},"end":{"line":3,"column":58}},"line":3}},"branchMap":{},"s":{"0":1,"1":1},"f":{"0":1},"b":{},"_coverageSchema":"1a1c01bbd47fc00a2c39e90264f33305004495a9","hash":"3b7270805e7e80e9a143c179f0e9e0af36af36bd"}
,"C:\\Users\\emapi\\Escritorio\\6to. Semestre UVG 2022\\Ingeniería de software 2\\kodonote\\src\\utils\\getNotebookCount.jsx": {"path":"C:\\Users\\emapi\\Escritorio\\6to. Semestre UVG 2022\\Ingeniería de software 2\\kodonote\\src\\utils\\getNotebookCount.jsx","statementMap":{"0":{"start":{"line":1,"column":25},"end":{"line":1,"column":94}},"1":{"start":{"line":1,"column":40},"end":{"line":1,"column":94}},"2":{"start":{"line":1,"column":76},"end":{"line":1,"column":90}}},"fnMap":{"0":{"name":"(anonymous_0)","decl":{"start":{"line":1,"column":25},"end":{"line":1,"column":26}},"loc":{"start":{"line":1,"column":40},"end":{"line":1,"column":94}},"line":1},"1":{"name":"(anonymous_1)","decl":{"start":{"line":1,"column":57},"end":{"line":1,"column":58}},"loc":{"start":{"line":1,"column":76},"end":{"line":1,"column":90}},"line":1}},"branchMap":{},"s":{"0":1,"1":2,"2":9},"f":{"0":2,"1":9},"b":{},"_coverageSchema":"1a1c01bbd47fc00a2c39e90264f33305004495a9","hash":"858c1e75a023ff9c5219639326a214dca1fbdbf9"}
,"C:\\Users\\emapi\\Escritorio\\6to. Semestre UVG 2022\\Ingeniería de software 2\\kodonote\\src\\utils\\getSpecifiedUserData.jsx": {"path":"C:\\Users\\emapi\\Escritorio\\6to. Semestre UVG 2022\\Ingeniería de software 2\\kodonote\\src\\utils\\getSpecifiedUserData.jsx","statementMap":{"0":{"start":{"line":1,"column":29},"end":{"line":4,"column":1}},"1":{"start":{"line":2,"column":19},"end":{"line":2,"column":74}},"2":{"start":{"line":2,"column":46},"end":{"line":2,"column":72}},"3":{"start":{"line":3,"column":2},"end":{"line":3,"column":17}}},"fnMap":{"0":{"name":"(anonymous_0)","decl":{"start":{"line":1,"column":29},"end":{"line":1,"column":30}},"loc":{"start":{"line":1,"column":47},"end":{"line":4,"column":1}},"line":1},"1":{"name":"(anonymous_1)","decl":{"start":{"line":2,"column":31},"end":{"line":2,"column":32}},"loc":{"start":{"line":2,"column":46},"end":{"line":2,"column":72}},"line":2}},"branchMap":{},"s":{"0":1,"1":4,"2":12,"3":4},"f":{"0":4,"1":12},"b":{},"_coverageSchema":"1a1c01bbd47fc00a2c39e90264f33305004495a9","hash":"2e0f7614bcfbb70d51d7972c2c73a5f62e76c5f1"}
,"C:\\Users\\emapi\\Escritorio\\6to. Semestre UVG 2022\\Ingeniería de software 2\\kodonote\\src\\utils\\popupsExit.jsx": {"path":"C:\\Users\\emapi\\Escritorio\\6to. Semestre UVG 2022\\Ingeniería de software 2\\kodonote\\src\\utils\\popupsExit.jsx","statementMap":{"0":{"start":{"line":1,"column":19},"end":{"line":9,"column":1}},"1":{"start":{"line":2,"column":15},"end":{"line":2,"column":20}},"2":{"start":{"line":3,"column":4},"end":{"line":7,"column":5}},"3":{"start":{"line":4,"column":8},"end":{"line":4,"column":19}},"4":{"start":{"line":6,"column":8},"end":{"line":6,"column":20}},"5":{"start":{"line":8,"column":4},"end":{"line":8,"column":15}}},"fnMap":{"0":{"name":"(anonymous_0)","decl":{"start":{"line":1,"column":19},"end":{"line":1,"column":20}},"loc":{"start":{"line":1,"column":31},"end":{"line":9,"column":1}},"line":1}},"branchMap":{"0":{"loc":{"start":{"line":3,"column":4},"end":{"line":7,"column":5}},"type":"if","locations":[{"start":{"line":3,"column":4},"end":{"line":7,"column":5}},{"start":{"line":5,"column":11},"end":{"line":7,"column":5}}],"line":3}},"s":{"0":1,"1":2,"2":2,"3":1,"4":1,"5":2},"f":{"0":2},"b":{"0":[1,1]},"_coverageSchema":"1a1c01bbd47fc00a2c39e90264f33305004495a9","hash":"776ac76890c4483a3c547b31119946accfe279a5"}
,"C:\\Users\\emapi\\Escritorio\\6to. Semestre UVG 2022\\Ingeniería de software 2\\kodonote\\src\\utils\\removeNotebookSection.jsx": {"path":"C:\\Users\\emapi\\Escritorio\\6to. Semestre UVG 2022\\Ingeniería de software 2\\kodonote\\src\\utils\\removeNotebookSection.jsx","statementMap":{"0":{"start":{"line":1,"column":30},"end":{"line":5,"column":1}},"1":{"start":{"line":2,"column":15},"end":{"line":2,"column":28}},"2":{"start":{"line":3,"column":2},"end":{"line":3,"column":12}},"3":{"start":{"line":4,"column":2},"end":{"line":4,"column":18}}},"fnMap":{"0":{"name":"(anonymous_0)","decl":{"start":{"line":1,"column":30},"end":{"line":1,"column":31}},"loc":{"start":{"line":1,"column":44},"end":{"line":5,"column":1}},"line":1}},"branchMap":{},"s":{"0":1,"1":2,"2":2,"3":2},"f":{"0":2},"b":{},"_coverageSchema":"1a1c01bbd47fc00a2c39e90264f33305004495a9","hash":"1dd96a9797cf6f1516cf311c903fed9a8ab36b9c"}
,"C:\\Users\\emapi\\Escritorio\\6to. Semestre UVG 2022\\Ingeniería de software 2\\kodonote\\src\\utils\\setNotebookDisplay.jsx": {"path":"C:\\Users\\emapi\\Escritorio\\6to. Semestre UVG 2022\\Ingeniería de software 2\\kodonote\\src\\utils\\setNotebookDisplay.jsx","statementMap":{"0":{"start":{"line":1,"column":20},"end":{"line":5,"column":1}},"1":{"start":{"line":7,"column":20},"end":{"line":10,"column":1}},"2":{"start":{"line":12,"column":27},"end":{"line":12,"column":86}},"3":{"start":{"line":12,"column":39},"end":{"line":12,"column":86}}},"fnMap":{"0":{"name":"(anonymous_0)","decl":{"start":{"line":12,"column":27},"end":{"line":12,"column":28}},"loc":{"start":{"line":12,"column":39},"end":{"line":12,"column":86}},"line":12}},"branchMap":{"0":{"loc":{"start":{"line":12,"column":39},"end":{"line":12,"column":86}},"type":"cond-expr","locations":[{"start":{"line":12,"column":61},"end":{"line":12,"column":72}},{"start":{"line":12,"column":75},"end":{"line":12,"column":86}}],"line":12}},"s":{"0":1,"1":1,"2":1,"3":2},"f":{"0":2},"b":{"0":[1,1]},"_coverageSchema":"1a1c01bbd47fc00a2c39e90264f33305004495a9","hash":"ac83e099d9ccd9f3f998fae750472422f7a4c46d"}
,"C:\\Users\\emapi\\Escritorio\\6to. Semestre UVG 2022\\Ingeniería de software 2\\kodonote\\src\\utils\\validatePassword.jsx": {"path":"C:\\Users\\emapi\\Escritorio\\6to. Semestre UVG 2022\\Ingeniería de software 2\\kodonote\\src\\utils\\validatePassword.jsx","statementMap":{"0":{"start":{"line":1,"column":25},"end":{"line":1,"column":62}},"1":{"start":{"line":1,"column":45},"end":{"line":1,"column":61}}},"fnMap":{"0":{"name":"(anonymous_0)","decl":{"start":{"line":1,"column":25},"end":{"line":1,"column":26}},"loc":{"start":{"line":1,"column":45},"end":{"line":1,"column":61}},"line":1}},"branchMap":{},"s":{"0":1,"1":2},"f":{"0":2},"b":{},"_coverageSchema":"1a1c01bbd47fc00a2c39e90264f33305004495a9","hash":"d4e447b33860f5984866f3cbaf9f7eac786407cd"}
}
