{"C:\\Users\\emapi\\Escritorio\\6to. Semestre UVG 2022\\Ingeniería de software 2\\kodonote\\src\\firebase\\firebaseConfig.jsx": {"path":"C:\\Users\\emapi\\Escritorio\\6to. Semestre UVG 2022\\Ingeniería de software 2\\kodonote\\src\\firebase\\firebaseConfig.jsx","statementMap":{"0":{"start":{"line":4,"column":27},"end":{"line":12,"column":1}},"1":{"start":{"line":16,"column":12},"end":{"line":16,"column":45}},"2":{"start":{"line":17,"column":20},"end":{"line":17,"column":32}}},"fnMap":{},"branchMap":{},"s":{"0":1,"1":1,"2":1},"f":{},"b":{},"_coverageSchema":"1a1c01bbd47fc00a2c39e90264f33305004495a9","hash":"d7c7cddbba3ca97ee040a305a33a553b69a4b591"}
,"C:\\Users\\emapi\\Escritorio\\6to. Semestre UVG 2022\\Ingeniería de software 2\\kodonote\\src\\utils\\changeGrid.jsx": {"path":"C:\\Users\\emapi\\Escritorio\\6to. Semestre UVG 2022\\Ingeniería de software 2\\kodonote\\src\\utils\\changeGrid.jsx","statementMap":{"0":{"start":{"line":1,"column":23},"end":{"line":13,"column":1}},"1":{"start":{"line":15,"column":25},"end":{"line":22,"column":1}},"2":{"start":{"line":24,"column":20},"end":{"line":32,"column":1}},"3":{"start":{"line":25,"column":20},"end":{"line":25,"column":22}},"4":{"start":{"line":26,"column":4},"end":{"line":30,"column":5}},"5":{"start":{"line":27,"column":6},"end":{"line":27,"column":32}},"6":{"start":{"line":28,"column":11},"end":{"line":30,"column":5}},"7":{"start":{"line":29,"column":6},"end":{"line":29,"column":34}},"8":{"start":{"line":31,"column":4},"end":{"line":31,"column":20}}},"fnMap":{"0":{"name":"(anonymous_0)","decl":{"start":{"line":24,"column":20},"end":{"line":24,"column":21}},"loc":{"start":{"line":24,"column":32},"end":{"line":32,"column":1}},"line":24}},"branchMap":{"0":{"loc":{"start":{"line":26,"column":4},"end":{"line":30,"column":5}},"type":"if","locations":[{"start":{"line":26,"column":4},"end":{"line":30,"column":5}},{"start":{"line":28,"column":11},"end":{"line":30,"column":5}}],"line":26},"1":{"loc":{"start":{"line":28,"column":11},"end":{"line":30,"column":5}},"type":"if","locations":[{"start":{"line":28,"column":11},"end":{"line":30,"column":5}},{"start":{},"end":{}}],"line":28}},"s":{"0":1,"1":1,"2":1,"3":2,"4":2,"5":1,"6":1,"7":1,"8":2},"f":{"0":2},"b":{"0":[1,1],"1":[1,0]},"_coverageSchema":"1a1c01bbd47fc00a2c39e90264f33305004495a9","hash":"a115a901095e75fcf97f88e18901e8f188ef3f08"}
,"C:\\Users\\emapi\\Escritorio\\6to. Semestre UVG 2022\\Ingeniería de software 2\\kodonote\\src\\utils\\checkEmailValidity.jsx": {"path":"C:\\Users\\emapi\\Escritorio\\6to. Semestre UVG 2022\\Ingeniería de software 2\\kodonote\\src\\utils\\checkEmailValidity.jsx","statementMap":{"0":{"start":{"line":1,"column":27},"end":{"line":1,"column":82}},"1":{"start":{"line":1,"column":39},"end":{"line":1,"column":81}}},"fnMap":{"0":{"name":"(anonymous_0)","decl":{"start":{"line":1,"column":27},"end":{"line":1,"column":28}},"loc":{"start":{"line":1,"column":39},"end":{"line":1,"column":81}},"line":1}},"branchMap":{"0":{"loc":{"start":{"line":1,"column":39},"end":{"line":1,"column":81}},"type":"binary-expr","locations":[{"start":{"line":1,"column":39},"end":{"line":1,"column":58}},{"start":{"line":1,"column":62},"end":{"line":1,"column":81}}],"line":1}},"s":{"0":1,"1":2},"f":{"0":2},"b":{"0":[2,1]},"_coverageSchema":"1a1c01bbd47fc00a2c39e90264f33305004495a9","hash":"6b194a2f6dcf0305a905b2defc021438f63ef476"}
,"C:\\Users\\emapi\\Escritorio\\6to. Semestre UVG 2022\\Ingeniería de software 2\\kodonote\\src\\utils\\checkPasswordValidity.jsx": {"path":"C:\\Users\\emapi\\Escritorio\\6to. Semestre UVG 2022\\Ingeniería de software 2\\kodonote\\src\\utils\\checkPasswordValidity.jsx","statementMap":{"0":{"start":{"line":1,"column":30},"end":{"line":1,"column":66}},"1":{"start":{"line":1,"column":45},"end":{"line":1,"column":65}}},"fnMap":{"0":{"name":"(anonymous_0)","decl":{"start":{"line":1,"column":30},"end":{"line":1,"column":31}},"loc":{"start":{"line":1,"column":45},"end":{"line":1,"column":65}},"line":1}},"branchMap":{},"s":{"0":1,"1":2},"f":{"0":2},"b":{},"_coverageSchema":"1a1c01bbd47fc00a2c39e90264f33305004495a9","hash":"3a902e15e7d0398f460b22872ca9ff9f0970ffcf"}
,"C:\\Users\\emapi\\Escritorio\\6to. Semestre UVG 2022\\Ingeniería de software 2\\kodonote\\src\\utils\\getCurrentDate.jsx": {"path":"C:\\Users\\emapi\\Escritorio\\6to. Semestre UVG 2022\\Ingeniería de software 2\\kodonote\\src\\utils\\getCurrentDate.jsx","statementMap":{"0":{"start":{"line":3,"column":23},"end":{"line":3,"column":58}},"1":{"start":{"line":3,"column":29},"end":{"line":3,"column":58}}},"fnMap":{"0":{"name":"(anonymous_0)","decl":{"start":{"line":3,"column":23},"end":{"line":3,"column":24}},"loc":{"start":{"line":3,"column":29},"end":{"line":3,"column":58}},"line":3}},"branchMap":{},"s":{"0":1,"1":1},"f":{"0":1},"b":{},"_coverageSchema":"1a1c01bbd47fc00a2c39e90264f33305004495a9","hash":"3b7270805e7e80e9a143c179f0e9e0af36af36bd"}
,"C:\\Users\\emapi\\Escritorio\\6to. Semestre UVG 2022\\Ingeniería de software 2\\kodonote\\src\\utils\\getNotebookCount.jsx": {"path":"C:\\Users\\emapi\\Escritorio\\6to. Semestre UVG 2022\\Ingeniería de software 2\\kodonote\\src\\utils\\getNotebookCount.jsx","statementMap":{"0":{"start":{"line":1,"column":25},"end":{"line":1,"column":94}},"1":{"start":{"line":1,"column":40},"end":{"line":1,"column":94}},"2":{"start":{"line":1,"column":76},"end":{"line":1,"column":90}}},"fnMap":{"0":{"name":"(anonymous_0)","decl":{"start":{"line":1,"column":25},"end":{"line":1,"column":26}},"loc":{"start":{"line":1,"column":40},"end":{"line":1,"column":94}},"line":1},"1":{"name":"(anonymous_1)","decl":{"start":{"line":1,"column":57},"end":{"line":1,"column":58}},"loc":{"start":{"line":1,"column":76},"end":{"line":1,"column":90}},"line":1}},"branchMap":{},"s":{"0":1,"1":2,"2":9},"f":{"0":2,"1":9},"b":{},"_coverageSchema":"1a1c01bbd47fc00a2c39e90264f33305004495a9","hash":"858c1e75a023ff9c5219639326a214dca1fbdbf9"}
,"C:\\Users\\emapi\\Escritorio\\6to. Semestre UVG 2022\\Ingeniería de software 2\\kodonote\\src\\utils\\loginMethods.jsx": {"path":"C:\\Users\\emapi\\Escritorio\\6to. Semestre UVG 2022\\Ingeniería de software 2\\kodonote\\src\\utils\\loginMethods.jsx","statementMap":{"0":{"start":{"line":6,"column":20},"end":{"line":23,"column":3}},"1":{"start":{"line":7,"column":14},"end":{"line":7,"column":16}},"2":{"start":{"line":9,"column":4},"end":{"line":13,"column":5}},"3":{"start":{"line":10,"column":6},"end":{"line":10,"column":42}},"4":{"start":{"line":11,"column":6},"end":{"line":11,"column":20}},"5":{"start":{"line":13,"column":6},"end":{"line":17,"column":5}},"6":{"start":{"line":14,"column":8},"end":{"line":14,"column":68}},"7":{"start":{"line":15,"column":6},"end":{"line":15,"column":20}},"8":{"start":{"line":17,"column":6},"end":{"line":20,"column":5}},"9":{"start":{"line":18,"column":8},"end":{"line":18,"column":53}},"10":{"start":{"line":19,"column":6},"end":{"line":19,"column":20}},"11":{"start":{"line":22,"column":4},"end":{"line":22,"column":14}},"12":{"start":{"line":25,"column":16},"end":{"line":25,"column":86}},"13":{"start":{"line":25,"column":37},"end":{"line":25,"column":86}},"14":{"start":{"line":27,"column":24},"end":{"line":41,"column":3}},"15":{"start":{"line":29,"column":23},"end":{"line":29,"column":33}},"16":{"start":{"line":31,"column":4},"end":{"line":31,"column":29}},"17":{"start":{"line":32,"column":4},"end":{"line":38,"column":5}},"18":{"start":{"line":33,"column":6},"end":{"line":33,"column":38}},"19":{"start":{"line":34,"column":6},"end":{"line":34,"column":31}},"20":{"start":{"line":36,"column":6},"end":{"line":36,"column":29}},"21":{"start":{"line":37,"column":6},"end":{"line":37,"column":31}},"22":{"start":{"line":40,"column":4},"end":{"line":40,"column":23}}},"fnMap":{"0":{"name":"(anonymous_0)","decl":{"start":{"line":6,"column":20},"end":{"line":6,"column":21}},"loc":{"start":{"line":6,"column":31},"end":{"line":23,"column":3}},"line":6},"1":{"name":"(anonymous_1)","decl":{"start":{"line":25,"column":16},"end":{"line":25,"column":17}},"loc":{"start":{"line":25,"column":37},"end":{"line":25,"column":86}},"line":25},"2":{"name":"(anonymous_2)","decl":{"start":{"line":27,"column":24},"end":{"line":27,"column":25}},"loc":{"start":{"line":27,"column":55},"end":{"line":41,"column":3}},"line":27}},"branchMap":{"0":{"loc":{"start":{"line":9,"column":4},"end":{"line":13,"column":5}},"type":"if","locations":[{"start":{"line":9,"column":4},"end":{"line":13,"column":5}},{"start":{},"end":{}}],"line":9},"1":{"loc":{"start":{"line":13,"column":6},"end":{"line":17,"column":5}},"type":"if","locations":[{"start":{"line":13,"column":6},"end":{"line":17,"column":5}},{"start":{},"end":{}}],"line":13},"2":{"loc":{"start":{"line":17,"column":6},"end":{"line":20,"column":5}},"type":"if","locations":[{"start":{"line":17,"column":6},"end":{"line":20,"column":5}},{"start":{},"end":{}}],"line":17}},"s":{"0":1,"1":1,"2":1,"3":1,"4":1,"5":1,"6":0,"7":0,"8":1,"9":0,"10":0,"11":1,"12":1,"13":1,"14":1,"15":1,"16":1,"17":1,"18":1,"19":1,"20":0,"21":0,"22":1},"f":{"0":1,"1":1,"2":1},"b":{"0":[1,0],"1":[0,1],"2":[0,1]},"_coverageSchema":"1a1c01bbd47fc00a2c39e90264f33305004495a9","hash":"a6228da5db139b97cd0dfdcb0a9b5ff8bae9ece4"}
,"C:\\Users\\emapi\\Escritorio\\6to. Semestre UVG 2022\\Ingeniería de software 2\\kodonote\\src\\utils\\popupsExit.jsx": {"path":"C:\\Users\\emapi\\Escritorio\\6to. Semestre UVG 2022\\Ingeniería de software 2\\kodonote\\src\\utils\\popupsExit.jsx","statementMap":{"0":{"start":{"line":1,"column":19},"end":{"line":9,"column":1}},"1":{"start":{"line":2,"column":15},"end":{"line":2,"column":20}},"2":{"start":{"line":3,"column":4},"end":{"line":7,"column":5}},"3":{"start":{"line":4,"column":8},"end":{"line":4,"column":19}},"4":{"start":{"line":6,"column":8},"end":{"line":6,"column":20}},"5":{"start":{"line":8,"column":4},"end":{"line":8,"column":15}}},"fnMap":{"0":{"name":"(anonymous_0)","decl":{"start":{"line":1,"column":19},"end":{"line":1,"column":20}},"loc":{"start":{"line":1,"column":31},"end":{"line":9,"column":1}},"line":1}},"branchMap":{"0":{"loc":{"start":{"line":3,"column":4},"end":{"line":7,"column":5}},"type":"if","locations":[{"start":{"line":3,"column":4},"end":{"line":7,"column":5}},{"start":{"line":5,"column":11},"end":{"line":7,"column":5}}],"line":3}},"s":{"0":1,"1":2,"2":2,"3":1,"4":1,"5":2},"f":{"0":2},"b":{"0":[1,1]},"_coverageSchema":"1a1c01bbd47fc00a2c39e90264f33305004495a9","hash":"776ac76890c4483a3c547b31119946accfe279a5"}
,"C:\\Users\\emapi\\Escritorio\\6to. Semestre UVG 2022\\Ingeniería de software 2\\kodonote\\src\\utils\\validatePassword.jsx": {"path":"C:\\Users\\emapi\\Escritorio\\6to. Semestre UVG 2022\\Ingeniería de software 2\\kodonote\\src\\utils\\validatePassword.jsx","statementMap":{"0":{"start":{"line":1,"column":25},"end":{"line":1,"column":62}},"1":{"start":{"line":1,"column":45},"end":{"line":1,"column":61}}},"fnMap":{"0":{"name":"(anonymous_0)","decl":{"start":{"line":1,"column":25},"end":{"line":1,"column":26}},"loc":{"start":{"line":1,"column":45},"end":{"line":1,"column":61}},"line":1}},"branchMap":{},"s":{"0":1,"1":2},"f":{"0":2},"b":{},"_coverageSchema":"1a1c01bbd47fc00a2c39e90264f33305004495a9","hash":"d4e447b33860f5984866f3cbaf9f7eac786407cd"}
}
